  3d.cpp
C:\Users\123we\source\repos\3d\3d\3d.cpp(52,66): warning C4244: аргумент: преобразование "double" в "float", возможна потеря данных
C:\Users\123we\source\repos\3d\3d\3d.cpp(52,55): warning C4244: аргумент: преобразование "double" в "float", возможна потеря данных
C:\Users\123we\source\repos\3d\3d\3d.cpp(52,44): warning C4244: аргумент: преобразование "double" в "float", возможна потеря данных
C:\Users\123we\source\repos\3d\3d\3d.cpp(53,93): warning C4244: аргумент: преобразование "double" в "float", возможна потеря данных
C:\Users\123we\source\repos\3d\3d\3d.cpp(53,74): warning C4244: аргумент: преобразование "double" в "float", возможна потеря данных
C:\Users\123we\source\repos\3d\3d\3d.cpp(53,55): warning C4244: аргумент: преобразование "double" в "float", возможна потеря данных
C:\Users\123we\source\repos\3d\3d\3d.cpp(83,28): warning C4244: =: преобразование "double" в "float", возможна потеря данных
C:\Users\123we\source\repos\3d\3d\3d.cpp(84,28): warning C4244: =: преобразование "double" в "float", возможна потеря данных
C:\Users\123we\source\repos\3d\3d\3d.cpp(91,28): warning C4244: =: преобразование "double" в "float", возможна потеря данных
C:\Users\123we\source\repos\3d\3d\3d.cpp(92,28): warning C4244: =: преобразование "double" в "float", возможна потеря данных
C:\Users\123we\source\repos\3d\3d\3d.cpp(99,28): warning C4244: =: преобразование "double" в "float", возможна потеря данных
C:\Users\123we\source\repos\3d\3d\3d.cpp(100,28): warning C4244: =: преобразование "double" в "float", возможна потеря данных
C:\Users\123we\source\repos\3d\3d\3d.cpp(205,19): warning C4267: инициализация: преобразование из "size_t" в "int"; возможна потеря данных
C:\Users\123we\source\repos\3d\3d\3d.cpp(208,37): warning C4305: аргумент: усечение из "double" в "float"
C:\Users\123we\source\repos\3d\3d\3d.cpp(208,29): warning C4305: аргумент: усечение из "double" в "float"
C:\Users\123we\source\repos\3d\3d\3d.cpp(218,82): warning C4244: аргумент: преобразование "double" в "float", возможна потеря данных
C:\Users\123we\source\repos\3d\3d\3d.cpp(218,63): warning C4244: аргумент: преобразование "double" в "float", возможна потеря данных
C:\Users\123we\source\repos\3d\3d\3d.cpp(219,82): warning C4244: аргумент: преобразование "double" в "float", возможна потеря данных
C:\Users\123we\source\repos\3d\3d\3d.cpp(219,63): warning C4244: аргумент: преобразование "double" в "float", возможна потеря данных
C:\Users\123we\source\repos\3d\3d\3d.cpp(220,83): warning C4244: аргумент: преобразование "double" в "float", возможна потеря данных
C:\Users\123we\source\repos\3d\3d\3d.cpp(220,60): warning C4244: аргумент: преобразование "double" в "float", возможна потеря данных
C:\Users\123we\source\repos\3d\3d\3d.cpp(221,83): warning C4244: аргумент: преобразование "double" в "float", возможна потеря данных
C:\Users\123we\source\repos\3d\3d\3d.cpp(221,60): warning C4244: аргумент: преобразование "double" в "float", возможна потеря данных
C:\Users\123we\source\repos\3d\3d\3d.cpp(222,64): warning C4305: аргумент: усечение из "double" в "float"
C:\Users\123we\source\repos\3d\3d\3d.cpp(223,64): warning C4305: аргумент: усечение из "double" в "float"
C:\Users\123we\source\repos\3d\3d\3d.cpp(228,138): warning C4305: аргумент: усечение из "double" в "float"
C:\Users\123we\source\repos\3d\3d\3d.cpp(228,130): warning C4305: аргумент: усечение из "double" в "float"
C:\Users\123we\source\repos\3d\3d\3d.cpp(231,69): warning C4305: аргумент: усечение из "double" в "float"
C:\Users\123we\source\repos\3d\3d\3d.cpp(232,69): warning C4305: аргумент: усечение из "double" в "float"
C:\Users\123we\source\repos\3d\3d\3d.cpp(237,35): warning C4244: аргумент: преобразование "int" в "float", возможна потеря данных
C:\Users\123we\source\repos\3d\3d\3d.cpp(237,32): warning C4244: аргумент: преобразование "int" в "float", возможна потеря данных
C:\Users\123we\source\repos\3d\3d\3d.cpp(237,52): warning C4244: аргумент: преобразование "int" в "float", возможна потеря данных
C:\Users\123we\source\repos\3d\3d\3d.cpp(237,45): warning C4244: аргумент: преобразование "int" в "float", возможна потеря данных
C:\Users\123we\source\repos\3d\3d\3d.cpp(261,79): warning C4244: аргумент: преобразование "double" в "float", возможна потеря данных
C:\Users\123we\source\repos\3d\3d\3d.cpp(264,61): warning C4244: *=: преобразование "double" в "float", возможна потеря данных
C:\Users\123we\source\repos\3d\3d\3d.cpp(265,49): warning C4244: аргумент: преобразование "double" в "float", возможна потеря данных
C:\Users\123we\source\repos\3d\3d\3d.cpp(273,41): warning C4244: аргумент: преобразование "int" в "float", возможна потеря данных
C:\Users\123we\source\repos\3d\3d\3d.cpp(273,31): warning C4244: аргумент: преобразование "int" в "float", возможна потеря данных
C:\Users\123we\source\repos\3d\3d\3d.cpp(273,30): warning C4244: =: преобразование "float" в "int", возможна потеря данных
  3d.vcxproj -> C:\Users\123we\source\repos\3d\x64\Debug\3d.exe
